蝴蝶君(robert) do shutdown at Tue Oct 16 23:58:56 2001 
蝴蝶君(robert) do shutdown at Wed Oct 17 00:00:23 2001 
蝴蝶君(robert) do shutdown at Wed Oct 17 00:01:30 2001 
蝴蝶君(robert) do shutdown at Wed Oct 17 00:13:35 2001 
蝴蝶君(robert) do shutdown at Wed Oct 17 13:25:57 2001 
蝴蝶君(robert) do shutdown at Wed Oct 17 13:26:17 2001 
蝴蝶君(robert) do shutdown at Wed Oct 17 13:27:32 2001 
蝴蝶君(robert) do shutdown at Wed Oct 17 13:30:15 2001 
蝴蝶君(robert) do shutdown at Wed Oct 17 13:31:14 2001 
蝴蝶君(robert) do shutdown at Wed Oct 17 13:32:10 2001 
蝴蝶君(robert) do shutdown at Wed Oct 17 13:33:10 2001 
蝴蝶君(robert) do shutdown at Wed Oct 17 13:34:16 2001 
蝴蝶君(robert) do shutdown at Wed Oct 17 13:36:41 2001 
蝴蝶君(robert) do shutdown at Wed Oct 17 13:39:18 2001 
蝴蝶君(robert) do shutdown at Wed Oct 17 13:39:45 2001 
蝴蝶君(robert) do shutdown at Wed Oct 17 13:45:51 2001 
蝴蝶君(robert) do shutdown at Wed Oct 17 13:48:21 2001 
蝴蝶君(robert) do shutdown at Wed Oct 17 13:49:33 2001 
蝴蝶君(robert) do shutdown at Wed Oct 17 13:53:53 2001 
蝴蝶君(robert) do shutdown at Wed Oct 17 13:54:41 2001 
蝴蝶君(robert) do shutdown at Wed Oct 17 18:13:37 2001 
蝴蝶君(robert) do shutdown at Wed Oct 17 18:15:46 2001 
蝴蝶君(robert) do shutdown at Wed Oct 17 18:16:22 2001 
蝴蝶君(robert) do shutdown at Wed Oct 17 18:21:22 2001 
蝴蝶君(robert) do shutdown at Fri Oct 19 23:50:56 2001 
蝴蝶君(robert) do shutdown at Sat Oct 20 03:07:24 2001 
蝴蝶君(robert) do shutdown at Sat Oct 20 21:26:56 2001 
蝴蝶君(robert) do shutdown at Sun Oct 21 16:46:11 2001 
蝴蝶君(robert) do shutdown at Mon Oct 22 12:52:27 2001 
蝴蝶君(robert) do shutdown at Mon Oct 22 13:12:09 2001 
蝴蝶君(robert) do shutdown at Mon Oct 22 13:15:01 2001 
蝴蝶君(robert) do shutdown at Mon Oct 22 13:17:36 2001 
蝴蝶君(robert) do shutdown at Mon Oct 22 19:38:16 2001 
蝴蝶君(robert) do shutdown at Mon Oct 22 19:41:44 2001 
蝴蝶君(robert) do shutdown at Mon Oct 22 19:50:36 2001 
蝴蝶君(robert) do shutdown at Tue Oct 23 12:46:02 2001 
蝴蝶君(robert) do shutdown at Tue Oct 23 12:46:55 2001 
蝴蝶君(robert) do shutdown at Sat Oct 27 04:25:03 2001 
蝴蝶君(robert) do shutdown at Sat Oct 27 04:56:43 2001 
蝴蝶君(robert) do shutdown at Sun Oct 28 01:49:29 2001 
蝴蝶君(robert) do shutdown at Sun Oct 28 01:51:51 2001 
蝴蝶君(robert) do shutdown at Sun Oct 28 01:53:26 2001 
蝴蝶君(robert) do shutdown at Sun Oct 28 01:56:30 2001 
蝴蝶君(robert) do shutdown at Sun Oct 28 02:01:00 2001 
蝴蝶君(robert) do shutdown at Sun Oct 28 02:01:30 2001 
蝴蝶君(robert) do shutdown at Tue Oct 30 22:35:01 2001 
蝴蝶君(robert) do shutdown at Tue Oct 30 22:37:55 2001 
蝴蝶君(robert) do shutdown at Wed Oct 31 00:01:34 2001 
蝴蝶君(robert) do shutdown at Wed Oct 31 00:50:24 2001 
蝴蝶君(robert) do shutdown at Wed Oct 31 22:51:55 2001 
蝴蝶君(robert) do shutdown at Wed Nov 07 02:02:39 2001 
蝴蝶君(robert) do shutdown at Wed Nov 07 02:04:28 2001 
蝴蝶君(robert) do shutdown at Wed Nov 07 02:05:18 2001 
蝴蝶君(robert) do shutdown at Wed Nov 07 02:06:41 2001 
蝴蝶君(robert) do shutdown at Wed Nov 07 02:10:32 2001 
蝴蝶君(robert) do shutdown at Wed Nov 07 02:13:26 2001 
蝴蝶君(robert) do shutdown at Wed Nov 07 02:14:03 2001 
蝴蝶君(robert) do shutdown at Wed Nov 07 02:33:07 2001 
蝴蝶君(robert) do shutdown at Thu Nov 08 03:32:23 2001 
蝴蝶君(robert) do shutdown at Mon Nov 12 14:32:15 2001 
蝴蝶君(robert) do shutdown at Mon Nov 12 14:40:30 2001 
蝴蝶君(robert) do shutdown at Mon Nov 12 14:45:50 2001 
蝴蝶君(robert) do shutdown at Thu Sep 04 00:15:03 2008 
