è´è¶å›(robert) smash æ•å¤´(xun bu) at Fri Oct 19 23:24:28 2001ã€‚
è´è¶å›(robert) smash å·¡æ•(xun bu) at Fri Oct 19 23:24:28 2001ã€‚
è´è¶å›(robert) smash æ•å¤´(xun bu) at Fri Oct 19 23:34:22 2001ã€‚
è´è¶å›(robert) smash é’Ÿå‰‘å…‹(tan guan) at Fri Oct 19 23:36:32 2001ã€‚
è´è¶å›(robert) smash å°å·(xiao tou) at Sat Oct 20 21:28:02 2001ã€‚
å°é¸Ÿ(sbird) smash æ•å¤´(xun bu) at Sat Oct 20 21:28:44 2001ã€‚
å°é¸Ÿ(sbird) smash æ•å¤´(xun bu) at Sat Oct 20 21:28:45 2001ã€‚
å°é¸Ÿ(sbird) smash å·¡æ•(xun bu) at Sat Oct 20 21:28:45 2001ã€‚
è´è¶å›(robert) smash åº—å°äºŒ(xiao er) at Sun Oct 21 16:43:05 2001ã€‚
è´è¶å›(robert) smash æ­¦å°†(wu jiang) at Mon Oct 22 19:42:48 2001ã€‚
è´è¶å›(robert) smash æ­¦å°†(wu jiang) at Mon Oct 22 19:42:48 2001ã€‚
è´è¶å›(robert) smash è€å’Œå°š(he shang) at Mon Oct 22 19:43:04 2001ã€‚
è´è¶å›(robert) smash æ•å¤´(xun bu) at Mon Oct 22 19:43:47 2001ã€‚
è´è¶å›(robert) smash æ•å¤´(xun bu) at Mon Oct 22 19:43:52 2001ã€‚
è´è¶å›(robert) smash æ•å¤´(xun bu) at Mon Oct 22 19:43:54 2001ã€‚
è´è¶å›(robert) smash å†·è¡€(leng xue) at Sat Oct 27 05:12:19 2001ã€‚
è´è¶å›(robert) smash ç³Ÿè€å¤´(zao laotou) at Sun Oct 28 01:50:01 2001ã€‚
è´è¶å›(robert) smash éƒ‘æ²ç¤¼(pan tu) at Tue Oct 30 22:42:28 2001ã€‚
è´è¶å›(robert) smash ç”°è±¹(pan tu) at Tue Oct 30 22:42:48 2001ã€‚
è´è¶å›(robert) smash å®å…¶æ–¹(fu shang) at Tue Oct 30 22:49:03 2001ã€‚
è´è¶å›(robert) smash å‘ä¸°(lv ke) at Tue Oct 30 22:49:43 2001ã€‚
è´è¶å›(robert) smash é’±æ˜¥é£(pan tu) at Tue Oct 30 22:58:49 2001ã€‚
è´è¶å›(robert) smash æ›²ç”°(pan tu) at Tue Oct 30 22:59:36 2001ã€‚
è´è¶å›(robert) smash é«˜çŒŠ(pan tu) at Tue Oct 30 23:00:55 2001ã€‚
è´è¶å›(robert) smash é’Ÿéƒå®(pan tu) at Tue Oct 30 23:00:55 2001ã€‚
è´è¶å›(robert) smash å†¯éª…(pan tu) at Tue Oct 30 23:00:55 2001ã€‚
è´è¶å›(robert) smash è‹—å“²(pan tu) at Tue Oct 30 23:00:55 2001ã€‚
è´è¶å›(robert) smash è°¢é¸£(pan tu) at Tue Oct 30 23:00:55 2001ã€‚
è´è¶å›(robert) smash å…šé¡ºæ˜Ÿ(pan tu) at Tue Oct 30 23:00:56 2001ã€‚
è´è¶å›(robert) smash å­™éš‹(pan tu) at Tue Oct 30 23:00:56 2001ã€‚
è´è¶å›(robert) smash è½¦ç¾½(pan tu) at Tue Oct 30 23:00:56 2001ã€‚
è´è¶å›(robert) smash è£´èµ¦(pan tu) at Tue Oct 30 23:09:52 2001ã€‚
è´è¶å›(robert) smash å…¬å­™å¹´(pan tu) at Tue Oct 30 23:18:44 2001ã€‚
è´è¶å›(robert) smash ç±³å€œ(pan tu) at Tue Oct 30 23:20:16 2001ã€‚
è´è¶å›(robert) smash åº—å°äºŒ(xiao er) at Wed Oct 31 00:49:16 2001ã€‚
è´è¶å›(robert) smash å”é¸£(tang ming) at Wed Nov 07 02:11:51 2001ã€‚
è´è¶å›(robert) smash å”é¸£(tang ming) at Wed Nov 07 02:12:06 2001ã€‚
ä¸œäº¬(avhot) smash æ¬§é˜³å…‹(ouyang ke) at Fri Apr 17 18:30:58 2020ã€‚
ä¸œäº¬çƒ­(avhot) smash çºªæ–‡ç»…(daochang dizi) at Sun Apr 19 08:38:04 2020ã€‚
ä¸œäº¬çƒ­(avhot) smash éƒå–é€‘(shanzei toumu) at Sun Apr 19 11:15:52 2020ã€‚
ä¸œäº¬çƒ­(avhot) smash è¢ç¥–(shanzei toumu) at Sun Apr 19 11:15:53 2020ã€‚
ä¸œäº¬çƒ­(avhot) smash å°‰è¿Ÿæ³½(shanzei toumu) at Sun Apr 19 11:15:53 2020ã€‚
ä¸œäº¬çƒ­(avhot) smash å»–èŠ’(shanzei toumu) at Sun Apr 19 11:15:54 2020ã€‚
ä¸œäº¬çƒ­(avhot) smash å”å•¸(louluo) at Sun Apr 19 18:39:23 2020ã€‚
ä¸œäº¬çƒ­(avhot) smash é›·è¯º(louluo) at Sun Apr 19 18:39:24 2020ã€‚
ä¸œäº¬çƒ­(avhot) smash æ®µå°š(louluo) at Sun Apr 19 18:39:24 2020ã€‚
ä¸œäº¬çƒ­(avhot) smash [31mè¥¿åŸŸæ¯’è[2;37;0m(du xie) at Sun Apr 19 20:02:07 2020ã€‚
ä¸œäº¬çƒ­(avhot) smash é©¬è´¼(ma zei) at Sun Apr 19 20:04:51 2020ã€‚
ä¸œäº¬çƒ­(avhot) smash é©¬è´¼(ma zei) at Sun Apr 19 20:04:53 2020ã€‚
ä¸œäº¬çƒ­(avhot) smash é©¬è´¼(ma zei) at Sun Apr 19 20:04:54 2020ã€‚
ä¸œäº¬çƒ­(avhot) smash é©¬è´¼(ma zei) at Sun Apr 19 20:04:54 2020ã€‚
ä¸œäº¬çƒ­(avhot) smash é©¬è´¼å¤´å­(mazei touzi) at Sun Apr 19 20:42:18 2020ã€‚
ä¸œäº¬çƒ­(avhot) smash é©¬è´¼å¤´å­(mazei touzi) at Sun Apr 19 20:42:20 2020ã€‚
ä¸œäº¬çƒ­(avhot) smash é©¬è´¼å¤´å­(mazei touzi) at Sun Apr 19 20:42:22 2020ã€‚
ä¸œäº¬çƒ­(avhot) smash é©¬è´¼å¤´å­(mazei touzi) at Sun Apr 19 20:42:23 2020ã€‚
ä¸œäº¬çƒ­(avhot) smash [31mè¥¿åŸŸæ¯’è[2;37;0m(du xie) at Sun Apr 19 20:42:32 2020ã€‚
ä¸œäº¬çƒ­(avhot) smash é©¬è´¼å¤´å­(mazei touzi) at Sun Apr 19 21:04:05 2020ã€‚
ä¸œäº¬çƒ­(avhot) smash é©¬è´¼å¤´å­(mazei touzi) at Sun Apr 19 21:04:06 2020ã€‚
ä¸œäº¬çƒ­(avhot) smash é©¬è´¼(ma zei) at Sun Apr 19 21:04:12 2020ã€‚
ä¸œäº¬çƒ­(avhot) smash [31mè¥¿åŸŸæ¯’è[2;37;0m(du xie) at Sun Apr 19 21:04:19 2020ã€‚
ä¸œäº¬çƒ­(avhot) smash æ²™èŸ’(sha mang) at Sun Apr 19 21:04:24 2020ã€‚
ä¸œäº¬çƒ­(avhot) smash æ²™èŸ’(sha mang) at Sun Apr 19 21:05:19 2020ã€‚
ä¸œäº¬çƒ­(avhot) smash [31mè¥¿åŸŸæ¯’è[2;37;0m(du xie) at Sun Apr 19 21:09:43 2020ã€‚
ä¸œäº¬çƒ­(avhot) smash é©¬è´¼å¤´å­(mazei touzi) at Sun Apr 19 21:09:47 2020ã€‚
ä¸œäº¬çƒ­(avhot) smash é©¬è´¼å¤´å­(mazei touzi) at Sun Apr 19 21:09:48 2020ã€‚
ä¸œäº¬çƒ­(avhot) smash é©¬è´¼(ma zei) at Sun Apr 19 21:09:55 2020ã€‚
ä¸œäº¬çƒ­(avhot) smash é©¬è´¼å¤´å­(mazei touzi) at Sun Apr 19 21:12:10 2020ã€‚
ä¸œäº¬çƒ­(avhot) smash é©¬è´¼å¤´å­(mazei touzi) at Sun Apr 19 21:12:10 2020ã€‚
ä¸œäº¬çƒ­(avhot) smash é©¬è´¼å¤´å­(mazei touzi) at Sun Apr 19 21:12:11 2020ã€‚
ä¸œäº¬çƒ­(avhot) smash é©¬è´¼å¤´å­(mazei touzi) at Sun Apr 19 21:12:11 2020ã€‚
ä¸œäº¬çƒ­(avhot) smash é©¬è´¼å¤´å­(mazei touzi) at Sun Apr 19 21:12:11 2020ã€‚
ä¸œäº¬çƒ­(avhot) smash é©¬è´¼å¤´å­(mazei touzi) at Sun Apr 19 21:12:11 2020ã€‚
ä¸œäº¬çƒ­(avhot) smash é©¬è´¼å¤´å­(mazei touzi) at Sun Apr 19 21:12:11 2020ã€‚
ä¸œäº¬çƒ­(avhot) smash é©¬è´¼å¤´å­(mazei touzi) at Sun Apr 19 21:12:11 2020ã€‚
ä¸œäº¬çƒ­(avhot) smash é©¬è´¼å¤´å­(mazei touzi) at Sun Apr 19 21:12:12 2020ã€‚
ä¸œäº¬çƒ­(avhot) smash é©¬è´¼å¤´å­(mazei touzi) at Sun Apr 19 21:12:12 2020ã€‚
ä¸œäº¬çƒ­(avhot) smash é©¬è´¼å¤´å­(mazei touzi) at Sun Apr 19 21:12:12 2020ã€‚
ä¸œäº¬çƒ­(avhot) smash é©¬è´¼å¤´å­(mazei touzi) at Sun Apr 19 21:12:12 2020ã€‚
ä¸œäº¬çƒ­(avhot) smash é©¬è´¼å¤´å­(mazei touzi) at Sun Apr 19 21:12:12 2020ã€‚
ä¸œäº¬çƒ­(avhot) smash é©¬è´¼(ma zei) at Sun Apr 19 21:12:16 2020ã€‚
ä¸œäº¬çƒ­(avhot) smash é©¬è´¼(ma zei) at Sun Apr 19 21:12:16 2020ã€‚
ä¸œäº¬çƒ­(avhot) smash é©¬è´¼(ma zei) at Sun Apr 19 21:12:17 2020ã€‚
ä¸œäº¬çƒ­(avhot) smash æ²™èŸ’(sha mang) at Sun Apr 19 21:12:24 2020ã€‚
ä¸œäº¬çƒ­(avhot) smash æ²™èŸ’(sha mang) at Sun Apr 19 21:15:17 2020ã€‚
ä¸œäº¬çƒ­(avhot) smash é©¬è´¼å¤´å­(mazei touzi) at Sun Apr 19 21:15:26 2020ã€‚
ä¸œäº¬çƒ­(avhot) smash é©¬è´¼å¤´å­(mazei touzi) at Sun Apr 19 21:15:27 2020ã€‚
ä¸œäº¬çƒ­(avhot) smash é©¬è´¼å¤´å­(mazei touzi) at Sun Apr 19 21:15:27 2020ã€‚
ä¸œäº¬çƒ­(avhot) smash é©¬è´¼å¤´å­(mazei touzi) at Sun Apr 19 21:15:27 2020ã€‚
ä¸œäº¬çƒ­(avhot) smash é©¬è´¼å¤´å­(mazei touzi) at Sun Apr 19 21:15:32 2020ã€‚
ä¸œäº¬çƒ­(avhot) smash é©¬è´¼å¤´å­(mazei touzi) at Sun Apr 19 21:15:32 2020ã€‚
ä¸œäº¬çƒ­(avhot) smash é©¬è´¼å¤´å­(mazei touzi) at Sun Apr 19 21:16:29 2020ã€‚
ä¸œäº¬çƒ­(avhot) smash é©¬è´¼å¤´å­(mazei touzi) at Sun Apr 19 21:16:29 2020ã€‚
ä¸œäº¬çƒ­(avhot) smash é©¬è´¼å¤´å­(mazei touzi) at Sun Apr 19 21:16:29 2020ã€‚
ä¸œäº¬çƒ­(avhot) smash é©¬è´¼å¤´å­(mazei touzi) at Sun Apr 19 21:16:29 2020ã€‚
ä¸œäº¬çƒ­(avhot) smash [31mè¥¿åŸŸæ¯’è[2;37;0m(du xie) at Sun Apr 19 21:16:35 2020ã€‚
ä¸œäº¬çƒ­(avhot) smash [31mè¥¿åŸŸæ¯’è[2;37;0m(du xie) at Sun Apr 19 21:16:35 2020ã€‚
ä¸œäº¬çƒ­(avhot) smash [31mè¥¿åŸŸæ¯’è[2;37;0m(du xie) at Sun Apr 19 21:16:36 2020ã€‚
ä¸œäº¬çƒ­(avhot) smash [31mè¥¿åŸŸæ¯’è[2;37;0m(du xie) at Sun Apr 19 22:56:06 2020ã€‚
ä¸œäº¬çƒ­(avhot) smash é©¬è´¼(ma zei) at Sun Apr 19 22:56:09 2020ã€‚
ä¸œäº¬çƒ­(avhot) smash é©¬è´¼å¤´å­(mazei touzi) at Sun Apr 19 22:56:13 2020ã€‚
ä¸œäº¬çƒ­(avhot) smash [31mè¥¿åŸŸæ¯’è[2;37;0m(du xie) at Mon Apr 20 09:01:18 2020ã€‚
ä¸œäº¬çƒ­(avhot) smash é©¬è´¼(ma zei) at Mon Apr 20 09:01:24 2020ã€‚
ä¸œäº¬çƒ­(avhot) smash é©¬è´¼å¤´å­(mazei touzi) at Mon Apr 20 09:01:30 2020ã€‚
ä¸œäº¬çƒ­(avhot) smash é©¬è´¼å¤´å­(mazei touzi) at Mon Apr 20 09:01:31 2020ã€‚
ä¸œäº¬çƒ­(avhot) smash [31mè¥¿åŸŸæ¯’è[2;37;0m(du xie) at Mon Apr 20 09:01:46 2020ã€‚
ä¸œäº¬çƒ­(avhot) smash [31mè¥¿åŸŸæ¯’è[2;37;0m(du xie) at Mon Apr 20 09:01:47 2020ã€‚
ä¸œäº¬çƒ­(avhot) smash [31mè¥¿åŸŸæ¯’è[2;37;0m(du xie) at Mon Apr 20 09:01:47 2020ã€‚
ä¸œäº¬çƒ­(avhot) smash é©¬è´¼å¤´å­(mazei touzi) at Mon Apr 20 09:02:02 2020ã€‚
ä¸œäº¬çƒ­(avhot) smash é©¬è´¼(ma zei) at Mon Apr 20 09:02:02 2020ã€‚
ä¸œäº¬çƒ­(avhot) smash é©¬è´¼å¤´å­(mazei touzi) at Mon Apr 20 09:02:03 2020ã€‚
ä¸œäº¬çƒ­(avhot) smash é©¬è´¼(ma zei) at Mon Apr 20 09:02:03 2020ã€‚
ä¸œäº¬çƒ­(avhot) smash é©¬è´¼å¤´å­(mazei touzi) at Mon Apr 20 09:02:04 2020ã€‚
ä¸œäº¬çƒ­(avhot) smash é©¬è´¼(ma zei) at Mon Apr 20 09:02:04 2020ã€‚
ä¸œäº¬çƒ­(avhot) smash é©¬è´¼å¤´å­(mazei touzi) at Mon Apr 20 09:02:05 2020ã€‚
ä¸œäº¬çƒ­(avhot) smash é©¬è´¼å¤´å­(mazei touzi) at Mon Apr 20 09:02:12 2020ã€‚
ä¸œäº¬çƒ­(avhot) smash é©¬è´¼å¤´å­(mazei touzi) at Mon Apr 20 09:02:13 2020ã€‚
ä¸œäº¬çƒ­(avhot) smash é©¬è´¼å¤´å­(mazei touzi) at Mon Apr 20 09:02:37 2020ã€‚
ä¸œäº¬çƒ­(avhot) smash [31mè¥¿åŸŸæ¯’è[2;37;0m(du xie) at Mon Apr 20 09:02:37 2020ã€‚
ä¸œäº¬çƒ­(avhot) smash é©¬è´¼(ma zei) at Mon Apr 20 09:02:37 2020ã€‚
ä¸œäº¬çƒ­(avhot) smash é©¬è´¼å¤´å­(mazei touzi) at Mon Apr 20 09:02:37 2020ã€‚
ä¸œäº¬çƒ­(avhot) smash [31mè¥¿åŸŸæ¯’è[2;37;0m(du xie) at Mon Apr 20 09:02:37 2020ã€‚
ä¸œäº¬çƒ­(avhot) smash é©¬è´¼(ma zei) at Mon Apr 20 09:02:37 2020ã€‚
ä¸œäº¬çƒ­(avhot) smash é©¬è´¼å¤´å­(mazei touzi) at Mon Apr 20 09:02:38 2020ã€‚
ä¸œäº¬çƒ­(avhot) smash [31mè¥¿åŸŸæ¯’è[2;37;0m(du xie) at Mon Apr 20 09:02:38 2020ã€‚
ä¸œäº¬çƒ­(avhot) smash é©¬è´¼(ma zei) at Mon Apr 20 09:02:38 2020ã€‚
ä¸œäº¬çƒ­(avhot) smash é©¬è´¼å¤´å­(mazei touzi) at Mon Apr 20 09:02:39 2020ã€‚
ä¸œäº¬çƒ­(avhot) smash é©¬è´¼å¤´å­(mazei touzi) at Mon Apr 20 09:02:40 2020ã€‚
ä¸œäº¬çƒ­(avhot) smash é©¬è´¼å¤´å­(mazei touzi) at Mon Apr 20 09:02:41 2020ã€‚
ä¸œäº¬çƒ­(avhot) smash é©¬è´¼å¤´å­(mazei touzi) at Mon Apr 20 09:02:51 2020ã€‚
ä¸œäº¬çƒ­(avhot) smash [31mè¥¿åŸŸæ¯’è[2;37;0m(du xie) at Mon Apr 20 09:02:51 2020ã€‚
ä¸œäº¬çƒ­(avhot) smash é©¬è´¼(ma zei) at Mon Apr 20 09:02:51 2020ã€‚
ä¸œäº¬çƒ­(avhot) smash é©¬è´¼å¤´å­(mazei touzi) at Mon Apr 20 09:02:52 2020ã€‚
ä¸œäº¬çƒ­(avhot) smash é©¬è´¼å¤´å­(mazei touzi) at Mon Apr 20 09:02:57 2020ã€‚
ä¸œäº¬çƒ­(avhot) smash [31mè¥¿åŸŸæ¯’è[2;37;0m(du xie) at Mon Apr 20 09:02:57 2020ã€‚
ä¸œäº¬çƒ­(avhot) smash é©¬è´¼(ma zei) at Mon Apr 20 09:02:57 2020ã€‚
ä¸œäº¬çƒ­(avhot) smash é©¬è´¼å¤´å­(mazei touzi) at Mon Apr 20 09:02:57 2020ã€‚
ä¸œäº¬çƒ­(avhot) smash é©¬è´¼å¤´å­(mazei touzi) at Mon Apr 20 09:03:02 2020ã€‚
ä¸œäº¬çƒ­(avhot) smash [31mè¥¿åŸŸæ¯’è[2;37;0m(du xie) at Mon Apr 20 09:03:02 2020ã€‚
ä¸œäº¬çƒ­(avhot) smash é©¬è´¼(ma zei) at Mon Apr 20 09:03:02 2020ã€‚
ä¸œäº¬çƒ­(avhot) smash é©¬è´¼å¤´å­(mazei touzi) at Mon Apr 20 09:03:02 2020ã€‚
ä¸œäº¬çƒ­(avhot) smash é©¬è´¼å¤´å­(mazei touzi) at Mon Apr 20 09:03:14 2020ã€‚
ä¸œäº¬çƒ­(avhot) smash [31mè¥¿åŸŸæ¯’è[2;37;0m(du xie) at Mon Apr 20 09:03:14 2020ã€‚
ä¸œäº¬çƒ­(avhot) smash é©¬è´¼(ma zei) at Mon Apr 20 09:03:14 2020ã€‚
ä¸œäº¬çƒ­(avhot) smash é©¬è´¼å¤´å­(mazei touzi) at Mon Apr 20 09:03:15 2020ã€‚
ä¸œäº¬çƒ­(avhot) smash [31mè¥¿åŸŸæ¯’è[2;37;0m(du xie) at Mon Apr 20 09:03:15 2020ã€‚
ä¸œäº¬çƒ­(avhot) smash é©¬è´¼(ma zei) at Mon Apr 20 09:03:15 2020ã€‚
ä¸œäº¬çƒ­(avhot) smash é©¬è´¼å¤´å­(mazei touzi) at Mon Apr 20 09:03:17 2020ã€‚
ä¸œäº¬çƒ­(avhot) smash [31mè¥¿åŸŸæ¯’è[2;37;0m(du xie) at Mon Apr 20 09:03:17 2020ã€‚
ä¸œäº¬çƒ­(avhot) smash é©¬è´¼(ma zei) at Mon Apr 20 09:03:17 2020ã€‚
ä¸œäº¬çƒ­(avhot) smash é©¬è´¼å¤´å­(mazei touzi) at Mon Apr 20 09:03:19 2020ã€‚
ä¸œäº¬çƒ­(avhot) smash é©¬è´¼å¤´å­(mazei touzi) at Mon Apr 20 09:03:20 2020ã€‚
ä¸œäº¬çƒ­(avhot) smash é©¬è´¼å¤´å­(mazei touzi) at Mon Apr 20 09:03:21 2020ã€‚
ä¸œäº¬çƒ­(avhot) smash é©¬è´¼å¤´å­(mazei touzi) at Mon Apr 20 09:03:28 2020ã€‚
ä¸œäº¬çƒ­(avhot) smash [31mè¥¿åŸŸæ¯’è[2;37;0m(du xie) at Mon Apr 20 09:03:28 2020ã€‚
ä¸œäº¬çƒ­(avhot) smash é©¬è´¼(ma zei) at Mon Apr 20 09:03:28 2020ã€‚
ä¸œäº¬çƒ­(avhot) smash é©¬è´¼å¤´å­(mazei touzi) at Mon Apr 20 09:03:29 2020ã€‚
ä¸œäº¬çƒ­(avhot) smash é©¬è´¼å¤´å­(mazei touzi) at Mon Apr 20 09:03:38 2020ã€‚
ä¸œäº¬çƒ­(avhot) smash [31mè¥¿åŸŸæ¯’è[2;37;0m(du xie) at Mon Apr 20 09:03:38 2020ã€‚
ä¸œäº¬çƒ­(avhot) smash é©¬è´¼(ma zei) at Mon Apr 20 09:03:38 2020ã€‚
ä¸œäº¬çƒ­(avhot) smash é©¬è´¼å¤´å­(mazei touzi) at Mon Apr 20 09:03:39 2020ã€‚
ä¸œäº¬çƒ­(avhot) smash é©¬è´¼å¤´å­(mazei touzi) at Mon Apr 20 09:03:43 2020ã€‚
ä¸œäº¬çƒ­(avhot) smash [31mè¥¿åŸŸæ¯’è[2;37;0m(du xie) at Mon Apr 20 09:03:43 2020ã€‚
ä¸œäº¬çƒ­(avhot) smash é©¬è´¼(ma zei) at Mon Apr 20 09:03:43 2020ã€‚
ä¸œäº¬çƒ­(avhot) smash é©¬è´¼å¤´å­(mazei touzi) at Mon Apr 20 09:03:43 2020ã€‚
ä¸œäº¬çƒ­(avhot) smash é©¬è´¼å¤´å­(mazei touzi) at Mon Apr 20 09:03:48 2020ã€‚
ä¸œäº¬çƒ­(avhot) smash [31mè¥¿åŸŸæ¯’è[2;37;0m(du xie) at Mon Apr 20 09:03:48 2020ã€‚
ä¸œäº¬çƒ­(avhot) smash é©¬è´¼(ma zei) at Mon Apr 20 09:03:48 2020ã€‚
ä¸œäº¬çƒ­(avhot) smash é©¬è´¼å¤´å­(mazei touzi) at Mon Apr 20 09:03:48 2020ã€‚
ä¸œäº¬çƒ­(avhot) smash é©¬è´¼å¤´å­(mazei touzi) at Mon Apr 20 09:03:51 2020ã€‚
ä¸œäº¬çƒ­(avhot) smash [31mè¥¿åŸŸæ¯’è[2;37;0m(du xie) at Mon Apr 20 09:03:51 2020ã€‚
ä¸œäº¬çƒ­(avhot) smash é©¬è´¼(ma zei) at Mon Apr 20 09:03:51 2020ã€‚
ä¸œäº¬çƒ­(avhot) smash é©¬è´¼å¤´å­(mazei touzi) at Mon Apr 20 09:03:51 2020ã€‚
ä¸œäº¬çƒ­(avhot) smash é©¬è´¼å¤´å­(mazei touzi) at Mon Apr 20 09:03:59 2020ã€‚
ä¸œäº¬çƒ­(avhot) smash [31mè¥¿åŸŸæ¯’è[2;37;0m(du xie) at Mon Apr 20 09:03:59 2020ã€‚
ä¸œäº¬çƒ­(avhot) smash é©¬è´¼(ma zei) at Mon Apr 20 09:03:59 2020ã€‚
ä¸œäº¬çƒ­(avhot) smash é©¬è´¼å¤´å­(mazei touzi) at Mon Apr 20 09:03:59 2020ã€‚
ä¸œäº¬çƒ­(avhot) smash é©¬è´¼å¤´å­(mazei touzi) at Mon Apr 20 09:04:07 2020ã€‚
ä¸œäº¬çƒ­(avhot) smash [31mè¥¿åŸŸæ¯’è[2;37;0m(du xie) at Mon Apr 20 09:04:07 2020ã€‚
ä¸œäº¬çƒ­(avhot) smash é©¬è´¼(ma zei) at Mon Apr 20 09:04:07 2020ã€‚
ä¸œäº¬çƒ­(avhot) smash é©¬è´¼å¤´å­(mazei touzi) at Mon Apr 20 09:04:08 2020ã€‚
ä¸œäº¬çƒ­(avhot) smash é©¬è´¼å¤´å­(mazei touzi) at Mon Apr 20 09:04:15 2020ã€‚
ä¸œäº¬çƒ­(avhot) smash [31mè¥¿åŸŸæ¯’è[2;37;0m(du xie) at Mon Apr 20 09:04:15 2020ã€‚
ä¸œäº¬çƒ­(avhot) smash é©¬è´¼(ma zei) at Mon Apr 20 09:04:15 2020ã€‚
ä¸œäº¬çƒ­(avhot) smash é©¬è´¼å¤´å­(mazei touzi) at Mon Apr 20 09:04:16 2020ã€‚
ä¸œäº¬çƒ­(avhot) smash [31mè¥¿åŸŸæ¯’è[2;37;0m(du xie) at Mon Apr 20 09:04:16 2020ã€‚
ä¸œäº¬çƒ­(avhot) smash é©¬è´¼(ma zei) at Mon Apr 20 09:04:16 2020ã€‚
ä¸œäº¬çƒ­(avhot) smash é©¬è´¼å¤´å­(mazei touzi) at Mon Apr 20 09:04:16 2020ã€‚
ä¸œäº¬çƒ­(avhot) smash é©¬è´¼å¤´å­(mazei touzi) at Mon Apr 20 09:04:19 2020ã€‚
ä¸œäº¬çƒ­(avhot) smash é©¬è´¼å¤´å­(mazei touzi) at Mon Apr 20 09:04:22 2020ã€‚
ä¸œäº¬çƒ­(avhot) smash [31mè¥¿åŸŸæ¯’è[2;37;0m(du xie) at Mon Apr 20 09:04:22 2020ã€‚
ä¸œäº¬çƒ­(avhot) smash é©¬è´¼(ma zei) at Mon Apr 20 09:04:22 2020ã€‚
ä¸œäº¬çƒ­(avhot) smash é©¬è´¼å¤´å­(mazei touzi) at Mon Apr 20 09:04:25 2020ã€‚
ä¸œäº¬çƒ­(avhot) smash [31mè¥¿åŸŸæ¯’è[2;37;0m(du xie) at Mon Apr 20 09:04:25 2020ã€‚
ä¸œäº¬çƒ­(avhot) smash é©¬è´¼(ma zei) at Mon Apr 20 09:04:25 2020ã€‚
ä¸œäº¬çƒ­(avhot) smash é©¬è´¼å¤´å­(mazei touzi) at Mon Apr 20 09:04:25 2020ã€‚
ä¸œäº¬çƒ­(avhot) smash é©¬è´¼å¤´å­(mazei touzi) at Mon Apr 20 09:04:26 2020ã€‚
ä¸œäº¬çƒ­(avhot) smash é©¬è´¼ç‹(mazei wang) at Mon Apr 20 09:06:30 2020ã€‚
ä¸œäº¬çƒ­(avhot) smash é©¬è´¼(ma zei) at Mon Apr 20 23:07:34 2020ã€‚
ä¸œäº¬çƒ­(avhot) smash é©¬è´¼(ma zei) at Mon Apr 20 23:07:34 2020ã€‚
ä¸œäº¬çƒ­(avhot) smash æ²™èŸ’(sha mang) at Mon Apr 20 23:07:39 2020ã€‚
ä¸œäº¬çƒ­(avhot) smash é©¬è´¼å¤´å­(mazei touzi) at Mon Apr 20 23:09:10 2020ã€‚
